<?xml version="1.0" encoding="utf-8"?><testsuites name="pytest tests"><testsuite name="pytest" errors="0" failures="0" skipped="0" tests="29" time="10.061" timestamp="2026-05-04T18:18:51.639627+00:00" hostname="agent-env-abafb626-7695-4442-8af6-d0fd82558013"><testcase classname="tests.test_iteration15_refactor_validation.TestHealthCheck" name="test_healthz" time="0.350" /><testcase classname="tests.test_iteration15_refactor_validation.TestHealthCheck" name="test_readyz" time="0.239" /><testcase classname="tests.test_iteration15_refactor_validation.TestLeaderboardRouter" name="test_leaderboard_reputation" time="0.218" /><testcase classname="tests.test_iteration15_refactor_validation.TestLeaderboardRouter" name="test_leaderboard_sellers" time="0.191" /><testcase classname="tests.test_iteration15_refactor_validation.TestLeaderboardRouter" name="test_leaderboard_commenters" time="0.202" /><testcase classname="tests.test_iteration15_refactor_validation.TestLeaderboardRouter" name="test_leaderboard_bidders" time="0.357" /><testcase classname="tests.test_iteration15_refactor_validation.TestLeaderboardRouter" name="test_leaderboard_invalid_type" time="0.162" /><testcase classname="tests.test_iteration15_refactor_validation.TestLeaderboardRouter" name="test_leaderboard_period_month" time="0.189" /><testcase classname="tests.test_iteration15_refactor_validation.TestWatchlistRouter" name="test_watch_status_requires_auth" time="1.269" /><testcase classname="tests.test_iteration15_refactor_validation.TestWatchlistRouter" name="test_watch_status_authenticated" time="0.791" /><testcase classname="tests.test_iteration15_refactor_validation.TestWatchlistRouter" name="test_watch_toggle" time="0.764" /><testcase classname="tests.test_iteration15_refactor_validation.TestWatchlistRouter" name="test_my_watchlist_requires_auth" time="0.382" /><testcase classname="tests.test_iteration15_refactor_validation.TestWatchlistRouter" name="test_my_watchlist_authenticated" time="0.409" /><testcase classname="tests.test_iteration15_refactor_validation.TestWatchlistRouter" name="test_my_listings_requires_auth" time="0.367" /><testcase classname="tests.test_iteration15_refactor_validation.TestWatchlistRouter" name="test_my_listings_authenticated" time="0.186" /><testcase classname="tests.test_iteration15_refactor_validation.TestWatchlistRouter" name="test_my_bids_requires_auth" time="0.341" /><testcase classname="tests.test_iteration15_refactor_validation.TestWatchlistRouter" name="test_my_bids_authenticated" time="0.179" /><testcase classname="tests.test_iteration15_refactor_validation.TestStripeHoldsRouter" name="test_my_credits_requires_auth" time="0.256" /><testcase classname="tests.test_iteration15_refactor_validation.TestStripeHoldsRouter" name="test_my_credits_authenticated" time="0.245" /><testcase classname="tests.test_iteration15_refactor_validation.TestStripeHoldsRouter" name="test_release_nonexistent_auth" time="0.259" /><testcase classname="tests.test_iteration15_refactor_validation.TestStripeHoldsRouter" name="test_release_requires_auth" time="0.184" /><testcase classname="tests.test_iteration15_refactor_validation.TestStripeHoldsRouter" name="test_stripe_config" time="0.195" /><testcase classname="tests.test_iteration15_refactor_validation.TestAuctionsEndpoints" name="test_auctions_list" time="0.183" /><testcase classname="tests.test_iteration15_refactor_validation.TestAuctionsEndpoints" name="test_auctions_featured" time="0.211" /><testcase classname="tests.test_iteration15_refactor_validation.TestAuctionsEndpoints" name="test_auctions_facets" time="0.183" /><testcase classname="tests.test_iteration15_refactor_validation.TestAuthEndpoints" name="test_login_success" time="0.321" /><testcase classname="tests.test_iteration15_refactor_validation.TestAuthEndpoints" name="test_login_invalid_credentials" time="0.627" /><testcase classname="tests.test_iteration15_refactor_validation.TestAuthEndpoints" name="test_me_requires_auth" time="0.195" /><testcase classname="tests.test_iteration15_refactor_validation.TestAuthEndpoints" name="test_me_authenticated" time="0.288" /></testsuite></testsuites>