<?xml version="1.0" encoding="utf-8"?><testsuites name="pytest tests"><testsuite name="pytest" errors="0" failures="0" skipped="2" tests="35" time="15.816" timestamp="2026-04-19T01:31:22.587526+00:00" hostname="agent-env-abafb626-7695-4442-8af6-d0fd82558013"><testcase classname="tests.test_phase1_security.TestStripePublicConfig" name="test_public_config_returns_mode_and_key" time="0.282" /><testcase classname="tests.test_phase1_security.TestStripeAdminCMS" name="test_admin_get_stripe_returns_masked_secrets" time="0.709" /><testcase classname="tests.test_phase1_security.TestStripeAdminCMS" name="test_moderator_cannot_access_stripe" time="1.069" /><testcase classname="tests.test_phase1_security.TestStripeAdminCMS" name="test_user_cannot_access_stripe" time="0.699" /><testcase classname="tests.test_phase1_security.TestStripeAdminCMS" name="test_put_stripe_validates_key_prefixes" time="0.139" /><testcase classname="tests.test_phase1_security.TestStripeAdminCMS" name="test_put_stripe_accepts_valid_keys" time="0.114" /><testcase classname="tests.test_phase1_security.TestStripeAdminCMS" name="test_put_stripe_empty_secret_preserves_existing" time="0.215" /><testcase classname="tests.test_phase1_security.TestStripeAdminCMS" name="test_mode_toggle_changes_public_config" time="0.327" /><testcase classname="tests.test_phase1_security.TestStripeWebhook" name="test_webhook_without_secret_configured" time="0.121" /><testcase classname="tests.test_phase1_security.TestStripeWebhook" name="test_webhook_with_wrong_signature" time="0.125" /><testcase classname="tests.test_phase1_security.TestModeratorRole" name="test_moderator_can_get_settings" time="0.070" /><testcase classname="tests.test_phase1_security.TestModeratorRole" name="test_moderator_cannot_put_settings" time="0.052" /><testcase classname="tests.test_phase1_security.TestModeratorRole" name="test_moderator_can_get_stats" time="0.128" /><testcase classname="tests.test_phase1_security.TestModeratorRole" name="test_moderator_can_get_users" time="0.099" /><testcase classname="tests.test_phase1_security.TestModeratorRole" name="test_moderator_can_get_audit_log" time="0.077" /><testcase classname="tests.test_phase1_security.TestModeratorRole" name="test_moderator_can_get_pending" time="0.064" /><testcase classname="tests.test_phase1_security.TestModeratorRole" name="test_moderator_cannot_get_stripe" time="0.063" /><testcase classname="tests.test_phase1_security.TestModeratorRole" name="test_moderator_cannot_put_stripe" time="0.058" /><testcase classname="tests.test_phase1_security.TestModeratorRole" name="test_moderator_cannot_ban_users" time="0.122" /><testcase classname="tests.test_phase1_security.TestModeratorRole" name="test_moderator_can_delete_comments" time="1.604" /><testcase classname="tests.test_phase1_security.TestAuditLog" name="test_audit_log_returns_paginated_response" time="0.090" /><testcase classname="tests.test_phase1_security.TestAuditLog" name="test_audit_log_filter_by_action" time="0.055" /><testcase classname="tests.test_phase1_security.TestAuditLog" name="test_stripe_update_creates_audit_entry" time="0.226" /><testcase classname="tests.test_phase1_security.TestForgotPassword" name="test_forgot_password_returns_generic_message" time="0.722" /><testcase classname="tests.test_phase1_security.TestForgotPassword" name="test_reset_password_validates_code" time="0.613" /><testcase classname="tests.test_phase1_security.TestForgotPassword" name="test_reset_password_code_cannot_be_reused" time="0.082" /><testcase classname="tests.test_phase1_security.TestTwoFactorAuth" name="test_2fa_enable_returns_provisioning_data" time="0.199" /><testcase classname="tests.test_phase1_security.TestTwoFactorAuth" name="test_2fa_confirm_with_valid_code" time="4.778" /><testcase classname="tests.test_phase1_security.TestTwoFactorAuth" name="test_2fa_login_requires_challenge" time="0.699" /><testcase classname="tests.test_phase1_security.TestTwoFactorAuth" name="test_2fa_verify_completes_login" time="0.050"><skipped type="pytest.skip" message="Cannot test 2FA verify without knowing the secret">/app/backend/tests/test_phase1_security.py:547: Cannot test 2FA verify without knowing the secret</skipped></testcase><testcase classname="tests.test_phase1_security.TestTwoFactorAuth" name="test_2fa_disable_requires_code" time="0.147" /><testcase classname="tests.test_phase1_security.TestReactivateAuction" name="test_reactivate_sold_auction" time="0.055"><skipped type="pytest.skip" message="No sold auctions to test reactivation">/app/backend/tests/test_phase1_security.py:570: No sold auctions to test reactivation</skipped></testcase><testcase classname="tests.test_phase1_security.TestReactivateAuction" name="test_reactivate_rejects_live_auction" time="1.364" /><testcase classname="tests.test_phase1_security.TestReactivateAuction" name="test_reactivate_creates_audit_entry" time="0.131" /><testcase classname="tests.test_phase1_security.TestAdminUserRoleUpdate" name="test_admin_can_set_moderator_role" time="0.069" /></testsuite></testsuites>