<?xml version="1.0" encoding="utf-8"?><testsuites name="pytest tests"><testsuite name="pytest" errors="0" failures="0" skipped="7" tests="34" time="12.928" timestamp="2026-04-20T21:48:29.957494+00:00" hostname="agent-env-abafb626-7695-4442-8af6-d0fd82558013"><testcase classname="backend.tests.test_phase345.TestBidModeration" name="test_admin_get_bid_history" time="1.946" /><testcase classname="backend.tests.test_phase345.TestBidModeration" name="test_moderator_can_view_bid_history" time="0.624" /><testcase classname="backend.tests.test_phase345.TestBidModeration" name="test_invalidate_bid_requires_reason" time="0.140" /><testcase classname="backend.tests.test_phase345.TestBidModeration" name="test_block_bidder_on_auction" time="0.186" /><testcase classname="backend.tests.test_phase345.TestBidModeration" name="test_block_bidder_duplicate_returns_already_blocked" time="1.051" /><testcase classname="backend.tests.test_phase345.TestBidModeration" name="test_unblock_bidder" time="0.356" /><testcase classname="backend.tests.test_phase345.TestUserModeration" name="test_suspend_user" time="0.141"><skipped type="pytest.skip" message="Buyer login failed: 401 {&quot;detail&quot;:&quot;Грешен имейл или парола&quot;}">/app/backend/tests/test_phase345.py:172: Buyer login failed: 401 {"detail":"Грешен имейл или парола"}</skipped></testcase><testcase classname="backend.tests.test_phase345.TestUserModeration" name="test_cannot_suspend_admin" time="0.293" /><testcase classname="backend.tests.test_phase345.TestUserModeration" name="test_verify_seller" time="0.000"><skipped type="pytest.skip" message="Buyer login failed: 401 {&quot;detail&quot;:&quot;Грешен имейл или парола&quot;}">/app/backend/tests/test_phase345.py:201: Buyer login failed: 401 {"detail":"Грешен имейл или парола"}</skipped></testcase><testcase classname="backend.tests.test_phase345.TestUserModeration" name="test_user_notes_crud" time="0.000"><skipped type="pytest.skip" message="Buyer login failed: 401 {&quot;detail&quot;:&quot;Грешен имейл или парола&quot;}">/app/backend/tests/test_phase345.py:218: Buyer login failed: 401 {"detail":"Грешен имейл или парола"}</skipped></testcase><testcase classname="backend.tests.test_phase345.TestUserModeration" name="test_moderator_can_add_notes" time="0.000"><skipped type="pytest.skip" message="Buyer login failed: 401 {&quot;detail&quot;:&quot;Грешен имейл или парола&quot;}">/app/backend/tests/test_phase345.py:243: Buyer login failed: 401 {"detail":"Грешен имейл или парола"}</skipped></testcase><testcase classname="backend.tests.test_phase345.TestUserModeration" name="test_get_user_vin_requests" time="0.000"><skipped type="pytest.skip" message="Buyer login failed: 401 {&quot;detail&quot;:&quot;Грешен имейл или парола&quot;}">/app/backend/tests/test_phase345.py:254: Buyer login failed: 401 {"detail":"Грешен имейл или парола"}</skipped></testcase><testcase classname="backend.tests.test_phase345.TestUserModeration" name="test_get_all_vin_requests" time="0.179" /><testcase classname="backend.tests.test_phase345.TestUserModeration" name="test_resend_verification" time="0.000"><skipped type="pytest.skip" message="Buyer login failed: 401 {&quot;detail&quot;:&quot;Грешен имейл или парола&quot;}">/app/backend/tests/test_phase345.py:272: Buyer login failed: 401 {"detail":"Грешен имейл или парола"}</skipped></testcase><testcase classname="backend.tests.test_phase345.TestPaymentsAndViews" name="test_get_buyer_fee" time="0.184" /><testcase classname="backend.tests.test_phase345.TestPaymentsAndViews" name="test_update_buyer_fee_status" time="0.300" /><testcase classname="backend.tests.test_phase345.TestPaymentsAndViews" name="test_buyer_fee_invalid_status" time="0.135" /><testcase classname="backend.tests.test_phase345.TestPaymentsAndViews" name="test_get_stripe_events" time="0.175" /><testcase classname="backend.tests.test_phase345.TestPaymentsAndViews" name="test_stripe_events_admin_only" time="0.151" /><testcase classname="backend.tests.test_phase345.TestPaymentsAndViews" name="test_views_counter_increments" time="0.299" /><testcase classname="backend.tests.test_phase345.TestCMSSettings" name="test_public_settings_exposes_og_and_maintenance" time="0.126" /><testcase classname="backend.tests.test_phase345.TestCMSSettings" name="test_admin_update_og_image" time="0.415" /><testcase classname="backend.tests.test_phase345.TestCMSSettings" name="test_maintenance_mode_toggle" time="0.498" /><testcase classname="backend.tests.test_phase345.TestMaintenanceMiddleware" name="test_maintenance_blocks_bid" time="0.000"><skipped type="pytest.skip" message="Buyer login failed: 401 {&quot;detail&quot;:&quot;Грешен имейл или парола&quot;}">/app/backend/tests/test_phase345.py:406: Buyer login failed: 401 {"detail":"Грешен имейл или парола"}</skipped></testcase><testcase classname="backend.tests.test_phase345.TestMaintenanceMiddleware" name="test_maintenance_allows_get_requests" time="1.352" /><testcase classname="backend.tests.test_phase345.TestMaintenanceMiddleware" name="test_maintenance_allows_admin_routes" time="0.416" /><testcase classname="backend.tests.test_phase345.TestGDPR" name="test_delete_account_cascades" time="0.936" /><testcase classname="backend.tests.test_phase345.TestBlockedBidderBehavior" name="test_blocked_user_cannot_bid" time="0.963" /><testcase classname="backend.tests.test_phase345.TestSuspendedUserBehavior" name="test_suspended_user_cannot_bid" time="1.048" /><testcase classname="backend.tests.test_phase345.TestRegression" name="test_stripe_cms_get" time="0.164" /><testcase classname="backend.tests.test_phase345.TestRegression" name="test_audit_log" time="0.137" /><testcase classname="backend.tests.test_phase345.TestRegression" name="test_forgot_password_endpoint" time="0.152" /><testcase classname="backend.tests.test_phase345.TestRegression" name="test_makes_list" time="0.131" /><testcase classname="backend.tests.test_phase345.TestRegression" name="test_reactivate_auction" time="0.141" /></testsuite></testsuites>