<?xml version="1.0" encoding="utf-8"?><testsuites name="pytest tests"><testsuite name="pytest" errors="0" failures="0" skipped="1" tests="21" time="2.955" timestamp="2026-05-12T19:19:15.726573+00:00" hostname="agent-env-abafb626-7695-4442-8af6-d0fd82558013"><testcase classname="tests.test_iteration21_image_cdn.TestImageVariantUrlResolution" name="test_image_base_url_takes_priority" time="0.162" /><testcase classname="tests.test_iteration21_image_cdn.TestImageVariantUrlResolution" name="test_image_cdn_base_fallback" time="0.001" /><testcase classname="tests.test_iteration21_image_cdn.TestImageVariantUrlResolution" name="test_relative_url_when_both_empty" time="0.002" /><testcase classname="tests.test_iteration21_image_cdn.TestImageVariantUrlResolution" name="test_variant_url_path_structure" time="0.003" /><testcase classname="tests.test_iteration21_image_cdn.TestCacheHeaders" name="test_variants_path_has_immutable_cache" time="0.286" /><testcase classname="tests.test_iteration21_image_cdn.TestCacheHeaders" name="test_non_variants_path_has_7day_cache" time="0.021"><skipped type="pytest.skip" message="No non-variant files found in /app/uploads">/app/backend/tests/test_iteration21_image_cdn.py:178: No non-variant files found in /app/uploads</skipped></testcase><testcase classname="tests.test_iteration21_image_cdn.TestAuctionCategoryTagging" name="test_categorized_buckets_set_category_field" time="0.448" /><testcase classname="tests.test_iteration21_image_cdn.TestAuctionCategoryTagging" name="test_uncategorized_images_set_main_and_other" time="0.001" /><testcase classname="tests.test_iteration21_image_cdn.TestMobileBgImportCategoryTagging" name="test_mobile_bg_import_category_logic" time="0.001" /><testcase classname="tests.test_iteration21_image_cdn.TestAuctionListViewVariants" name="test_list_view_returns_images_variants" time="0.235" /><testcase classname="tests.test_iteration21_image_cdn.TestPickOrderedPreviewSlides" name="test_picker_orders_main_exterior_interior" time="0.001" /><testcase classname="tests.test_iteration21_image_cdn.TestPickOrderedPreviewSlides" name="test_picker_fallback_when_category_missing" time="0.001" /><testcase classname="tests.test_iteration21_image_cdn.TestLegacyAuctionFallback" name="test_legacy_auction_has_images_array" time="0.224" /><testcase classname="tests.test_iteration21_image_cdn.TestRegressionEndpoints" name="test_healthz" time="0.192" /><testcase classname="tests.test_iteration21_image_cdn.TestRegressionEndpoints" name="test_readyz" time="0.167" /><testcase classname="tests.test_iteration21_image_cdn.TestRegressionEndpoints" name="test_auctions_featured" time="0.208" /><testcase classname="tests.test_iteration21_image_cdn.TestRegressionEndpoints" name="test_auctions_sold" time="0.219" /><testcase classname="tests.test_iteration21_image_cdn.TestRegressionEndpoints" name="test_auctions_facets" time="0.260" /><testcase classname="tests.test_iteration21_image_cdn.TestRegressionEndpoints" name="test_makes_catalog" time="0.223" /><testcase classname="tests.test_iteration21_image_cdn.TestSlideCountAndPagination" name="test_slide_count_logic" time="0.001" /><testcase classname="tests.test_iteration21_image_cdn.TestSlideCountAndPagination" name="test_pagination_dots_match_slide_count" time="0.001" /></testsuite></testsuites>