<?xml version="1.0" encoding="utf-8"?><testsuites name="pytest tests"><testsuite name="pytest" errors="0" failures="0" skipped="0" tests="27" time="28.763" timestamp="2026-04-17T22:41:57.532710+00:00" hostname="agent-env-abafb626-7695-4442-8af6-d0fd82558013"><testcase classname="backend.tests.test_negotiation_flow.TestSiteSettings" name="test_get_public_settings" time="0.296" /><testcase classname="backend.tests.test_negotiation_flow.TestSiteSettings" name="test_admin_get_settings" time="0.617" /><testcase classname="backend.tests.test_negotiation_flow.TestSiteSettings" name="test_admin_update_buyer_fee_pct" time="0.494" /><testcase classname="backend.tests.test_negotiation_flow.TestSiteSettings" name="test_admin_update_content_fields" time="0.333" /><testcase classname="backend.tests.test_negotiation_flow.TestSiteSettings" name="test_admin_update_seo_fields" time="0.320" /><testcase classname="backend.tests.test_negotiation_flow.TestSiteSettings" name="test_admin_settings_validation" time="0.225" /><testcase classname="backend.tests.test_negotiation_flow.TestSiteSettings" name="test_non_admin_cannot_update_settings" time="0.565" /><testcase classname="backend.tests.test_negotiation_flow.TestBidStepAndBuyerFee" name="test_next_bid_returns_correct_fields" time="1.345" /><testcase classname="backend.tests.test_negotiation_flow.TestBidStepAndBuyerFee" name="test_bid_step_at_10000" time="1.426" /><testcase classname="backend.tests.test_negotiation_flow.TestBidStepAndBuyerFee" name="test_bid_step_at_5000_to_10000" time="1.162" /><testcase classname="backend.tests.test_negotiation_flow.TestBidStepAndBuyerFee" name="test_buyer_fee_calculation" time="1.262" /><testcase classname="backend.tests.test_negotiation_flow.TestDirectBidding" name="test_bid_below_min_next_rejected" time="0.985" /><testcase classname="backend.tests.test_negotiation_flow.TestDirectBidding" name="test_direct_bid_becomes_current_immediately" time="0.704" /><testcase classname="backend.tests.test_negotiation_flow.TestDirectBidding" name="test_seller_cannot_bid_own_auction" time="0.608" /><testcase classname="backend.tests.test_negotiation_flow.TestComments" name="test_seller_comment_has_is_owner_true" time="2.540" /><testcase classname="backend.tests.test_negotiation_flow.TestComments" name="test_buyer_comment_has_is_owner_false" time="1.366" /><testcase classname="backend.tests.test_negotiation_flow.TestComments" name="test_admin_soft_delete_comment" time="1.615" /><testcase classname="backend.tests.test_negotiation_flow.TestReserveMetVisibility" name="test_live_auction_hides_reserve_met" time="1.217" /><testcase classname="backend.tests.test_negotiation_flow.TestReserveMetVisibility" name="test_ended_auction_shows_reserve_met" time="0.488" /><testcase classname="backend.tests.test_negotiation_flow.TestNegotiationE2EFlow" name="test_negotiation_auto_creates_on_get" time="1.114" /><testcase classname="backend.tests.test_negotiation_flow.TestNegotiationE2EFlow" name="test_seller_opening_offer" time="1.543" /><testcase classname="backend.tests.test_negotiation_flow.TestNegotiationE2EFlow" name="test_buyer_counter_offer" time="1.446" /><testcase classname="backend.tests.test_negotiation_flow.TestNegotiationE2EFlow" name="test_seller_final_accept" time="1.908" /><testcase classname="backend.tests.test_negotiation_flow.TestNegotiationMessaging" name="test_send_message" time="1.042" /><testcase classname="backend.tests.test_negotiation_flow.TestNegotiationMessaging" name="test_messages_appear_in_negotiation" time="1.365" /><testcase classname="backend.tests.test_negotiation_flow.TestNegotiationAuthorization" name="test_unauthorized_user_cannot_access_negotiation" time="1.528" /><testcase classname="backend.tests.test_negotiation_flow.TestNegotiationAuthorization" name="test_admin_can_access_any_negotiation" time="0.966" /></testsuite></testsuites>