<?xml version="1.0" encoding="utf-8"?><testsuites name="pytest tests"><testsuite name="pytest" errors="0" failures="0" skipped="0" tests="23" time="2.790" timestamp="2026-05-05T15:27:52.624297+00:00" hostname="agent-env-abafb626-7695-4442-8af6-d0fd82558013"><testcase classname="tests.test_iteration18_credit_expiring.TestHealthEndpoints" name="test_healthz" time="0.218" /><testcase classname="tests.test_iteration18_credit_expiring.TestHealthEndpoints" name="test_readyz" time="0.078" /><testcase classname="tests.test_iteration18_credit_expiring.TestExpiringAuthorizationsEndpoint" name="test_expiring_requires_auth" time="0.165" /><testcase classname="tests.test_iteration18_credit_expiring.TestExpiringAuthorizationsEndpoint" name="test_expiring_returns_structure" time="0.323" /><testcase classname="tests.test_iteration18_credit_expiring.TestExpiringAuthorizationsEndpoint" name="test_expiring_no_holds_returns_false" time="0.085" /><testcase classname="tests.test_iteration18_credit_expiring.TestMyCreditsEndpoint" name="test_my_credits_requires_auth" time="0.237" /><testcase classname="tests.test_iteration18_credit_expiring.TestMyCreditsEndpoint" name="test_my_credits_returns_structure" time="0.104" /><testcase classname="tests.test_iteration18_credit_expiring.TestPreauthorizationsEndpoint" name="test_preauths_requires_auth" time="0.155" /><testcase classname="tests.test_iteration18_credit_expiring.TestPreauthorizationsEndpoint" name="test_preauths_returns_list" time="0.091" /><testcase classname="tests.test_iteration18_credit_expiring.TestAdminLifecycleScan" name="test_lifecycle_scan_requires_auth" time="0.169" /><testcase classname="tests.test_iteration18_credit_expiring.TestAdminLifecycleScan" name="test_lifecycle_scan_requires_admin" time="0.094" /><testcase classname="tests.test_iteration18_credit_expiring.TestAdminLifecycleScan" name="test_lifecycle_scan_admin_success" time="0.481" /><testcase classname="tests.test_iteration18_credit_expiring.TestBiddingEndpoints" name="test_bids_requires_auth" time="0.166" /><testcase classname="tests.test_iteration18_credit_expiring.TestBiddingEndpoints" name="test_auctions_list" time="0.081" /><testcase classname="tests.test_iteration18_credit_expiring.TestStripeConfig" name="test_stripe_config" time="0.087" /><testcase classname="tests.test_iteration18_credit_expiring.TestPushTemplates" name="test_push_templates_exist" time="0.001" /><testcase classname="tests.test_iteration18_credit_expiring.TestI18nKeys" name="test_en_translations" time="0.003" /><testcase classname="tests.test_iteration18_credit_expiring.TestI18nKeys" name="test_bg_translations" time="0.001" /><testcase classname="tests.test_iteration18_credit_expiring.TestI18nKeys" name="test_ro_translations" time="0.001" /><testcase classname="tests.test_iteration18_credit_expiring.TestStripeLifecycleModule" name="test_emit_expiring_alert_exists" time="0.011" /><testcase classname="tests.test_iteration18_credit_expiring.TestStripeLifecycleModule" name="test_extend_expiring_authorizations_exists" time="0.001" /><testcase classname="tests.test_iteration18_credit_expiring.TestCreditExpiringBannerComponent" name="test_component_exists" time="0.001" /><testcase classname="tests.test_iteration18_credit_expiring.TestAppJsIntegration" name="test_banner_imported_and_rendered" time="0.005" /></testsuite></testsuites>