<?xml version="1.0" encoding="utf-8"?><testsuites name="pytest tests"><testsuite name="pytest" errors="0" failures="0" skipped="0" tests="14" time="2.780" timestamp="2026-05-02T19:34:52.427661+00:00" hostname="agent-env-abafb626-7695-4442-8af6-d0fd82558013"><testcase classname="backend.tests.test_payload_optimization.TestPayloadOptimization" name="test_health_check" time="0.262" /><testcase classname="backend.tests.test_payload_optimization.TestPayloadOptimization" name="test_auctions_list_view_returns_trimmed_payload" time="0.171" /><testcase classname="backend.tests.test_payload_optimization.TestPayloadOptimization" name="test_auctions_list_view_payload_size_reduction" time="0.374" /><testcase classname="backend.tests.test_payload_optimization.TestPayloadOptimization" name="test_auctions_paginated_with_view_list" time="0.276" /><testcase classname="backend.tests.test_payload_optimization.TestCacheControlHeaders" name="test_featured_cache_control_header" time="0.018" /><testcase classname="backend.tests.test_payload_optimization.TestCacheControlHeaders" name="test_sold_cache_control_header" time="0.015" /><testcase classname="backend.tests.test_payload_optimization.TestFeaturedEndpoint" name="test_featured_returns_array" time="0.221" /><testcase classname="backend.tests.test_payload_optimization.TestFeaturedEndpoint" name="test_featured_with_view_list_returns_trimmed" time="0.165" /><testcase classname="backend.tests.test_payload_optimization.TestSoldEndpoint" name="test_sold_returns_array_backwards_compat" time="0.165" /><testcase classname="backend.tests.test_payload_optimization.TestSoldEndpoint" name="test_sold_with_view_list_returns_trimmed" time="0.169" /><testcase classname="backend.tests.test_payload_optimization.TestFullPayloadBackwardsCompat" name="test_auctions_without_view_param_returns_full" time="0.213" /><testcase classname="backend.tests.test_payload_optimization.TestFullPayloadBackwardsCompat" name="test_featured_without_view_param_returns_full" time="0.188" /><testcase classname="backend.tests.test_payload_optimization.TestSlugField" name="test_slug_included_if_present" time="0.171" /><testcase classname="backend.tests.test_payload_optimization.TestAuctionCardRequiredFields" name="test_auction_card_fields_present" time="0.155" /></testsuite></testsuites>