<?xml version="1.0" encoding="utf-8"?><testsuites name="pytest tests"><testsuite name="pytest" errors="0" failures="0" skipped="0" tests="40" time="11.602" timestamp="2026-04-19T00:31:48.263902+00:00" hostname="agent-env-abafb626-7695-4442-8af6-d0fd82558013"><testcase classname="backend.tests.test_iteration4_stats_admin.TestStatsSoldEndpoint" name="test_stats_sold_no_window" time="0.362" /><testcase classname="backend.tests.test_iteration4_stats_admin.TestStatsSoldEndpoint" name="test_stats_sold_30_day_window" time="0.177" /><testcase classname="backend.tests.test_iteration4_stats_admin.TestStatsSoldEndpoint" name="test_stats_sold_90_day_window" time="0.204" /><testcase classname="backend.tests.test_iteration4_stats_admin.TestStatsSoldEndpoint" name="test_stats_sold_365_day_window" time="0.172" /><testcase classname="backend.tests.test_iteration4_stats_admin.TestStatsSoldEndpoint" name="test_stats_sold_by_make_structure" time="0.161" /><testcase classname="backend.tests.test_iteration4_stats_admin.TestStatsSoldEndpoint" name="test_stats_sold_highest_sale_structure" time="0.186" /><testcase classname="backend.tests.test_iteration4_stats_admin.TestEnhancedAuctionsSold" name="test_auctions_sold_no_params_returns_list" time="0.174" /><testcase classname="backend.tests.test_iteration4_stats_admin.TestEnhancedAuctionsSold" name="test_auctions_sold_with_make_filter" time="0.180" /><testcase classname="backend.tests.test_iteration4_stats_admin.TestEnhancedAuctionsSold" name="test_auctions_sold_with_body_type_filter" time="0.182" /><testcase classname="backend.tests.test_iteration4_stats_admin.TestEnhancedAuctionsSold" name="test_auctions_sold_with_year_filter" time="0.185" /><testcase classname="backend.tests.test_iteration4_stats_admin.TestEnhancedAuctionsSold" name="test_auctions_sold_with_price_filter" time="0.149" /><testcase classname="backend.tests.test_iteration4_stats_admin.TestEnhancedAuctionsSold" name="test_auctions_sold_with_search_query" time="0.199" /><testcase classname="backend.tests.test_iteration4_stats_admin.TestEnhancedAuctionsSold" name="test_auctions_sold_sort_price_desc" time="0.177" /><testcase classname="backend.tests.test_iteration4_stats_admin.TestEnhancedAuctionsSold" name="test_auctions_sold_sort_price_asc" time="0.178" /><testcase classname="backend.tests.test_iteration4_stats_admin.TestEnhancedAuctionsSold" name="test_auctions_sold_pagination" time="0.177" /><testcase classname="backend.tests.test_iteration4_stats_admin.TestAdminSettingsRoutes" name="test_admin_get_settings" time="0.640" /><testcase classname="backend.tests.test_iteration4_stats_admin.TestAdminSettingsRoutes" name="test_admin_update_settings_valid" time="0.298" /><testcase classname="backend.tests.test_iteration4_stats_admin.TestAdminSettingsRoutes" name="test_admin_update_settings_fee_too_high" time="0.219" /><testcase classname="backend.tests.test_iteration4_stats_admin.TestAdminSettingsRoutes" name="test_admin_update_settings_negative_fee" time="0.179" /><testcase classname="backend.tests.test_iteration4_stats_admin.TestAdminStatsRoute" name="test_admin_stats" time="0.201" /><testcase classname="backend.tests.test_iteration4_stats_admin.TestAdminStatsRoute" name="test_admin_stats_requires_auth" time="0.156" /><testcase classname="backend.tests.test_iteration4_stats_admin.TestAdminUsersRoutes" name="test_admin_list_users" time="0.149" /><testcase classname="backend.tests.test_iteration4_stats_admin.TestAdminUsersRoutes" name="test_admin_list_users_with_search" time="0.145" /><testcase classname="backend.tests.test_iteration4_stats_admin.TestAdminUsersRoutes" name="test_admin_get_user" time="0.365" /><testcase classname="backend.tests.test_iteration4_stats_admin.TestAdminUsersRoutes" name="test_admin_update_user_phone_validation" time="0.330" /><testcase classname="backend.tests.test_iteration4_stats_admin.TestAdminUsersRoutes" name="test_admin_update_user_invalid_role" time="0.344" /><testcase classname="backend.tests.test_iteration4_stats_admin.TestAdminUsersRoutes" name="test_admin_cannot_demote_self" time="0.278" /><testcase classname="backend.tests.test_iteration4_stats_admin.TestAdminBanRoutes" name="test_admin_cannot_ban_self" time="0.163" /><testcase classname="backend.tests.test_iteration4_stats_admin.TestAdminBanRoutes" name="test_admin_ban_unban_user" time="0.494" /><testcase classname="backend.tests.test_iteration4_stats_admin.TestAdminAuctionLifecycleRoutes" name="test_admin_pending" time="0.174" /><testcase classname="backend.tests.test_iteration4_stats_admin.TestAdminAuctionLifecycleRoutes" name="test_admin_auctions_list" time="1.214" /><testcase classname="backend.tests.test_iteration4_stats_admin.TestAdminAuctionLifecycleRoutes" name="test_admin_auctions_filter_status" time="0.167" /><testcase classname="backend.tests.test_iteration4_stats_admin.TestAdminAuctionLifecycleRoutes" name="test_admin_sold_list" time="0.165" /><testcase classname="backend.tests.test_iteration4_stats_admin.TestAdminAuctionLifecycleRoutes" name="test_admin_get_auction" time="0.158" /><testcase classname="backend.tests.test_iteration4_stats_admin.TestReviewsRegression" name="test_get_seller_reviews" time="0.165" /><testcase classname="backend.tests.test_iteration4_stats_admin.TestReviewsRegression" name="test_get_seller_rating" time="0.175" /><testcase classname="backend.tests.test_iteration4_stats_admin.TestAuthRegression" name="test_login_success" time="0.553" /><testcase classname="backend.tests.test_iteration4_stats_admin.TestAuthRegression" name="test_me_endpoint" time="0.160" /><testcase classname="backend.tests.test_iteration4_stats_admin.TestAuctionsRegression" name="test_list_auctions" time="1.221" /><testcase classname="backend.tests.test_iteration4_stats_admin.TestAuctionsRegression" name="test_get_auction" time="0.211" /></testsuite></testsuites>