<?xml version="1.0" encoding="utf-8"?><testsuites name="pytest tests"><testsuite name="pytest" errors="0" failures="0" skipped="0" tests="27" time="4.180" timestamp="2026-05-12T18:51:55.114635+00:00" hostname="agent-env-abafb626-7695-4442-8af6-d0fd82558013"><testcase classname="backend.tests.test_iteration20_image_variants.TestHealthEndpoints" name="test_healthz" time="0.266" /><testcase classname="backend.tests.test_iteration20_image_variants.TestHealthEndpoints" name="test_readyz" time="0.204" /><testcase classname="backend.tests.test_iteration20_image_variants.TestAuctionListViewVariants" name="test_list_view_returns_images_variants_field" time="0.197" /><testcase classname="backend.tests.test_iteration20_image_variants.TestAuctionListViewVariants" name="test_list_view_images_variants_structure" time="0.195" /><testcase classname="backend.tests.test_iteration20_image_variants.TestAuctionDetailVariants" name="test_detail_view_returns_images_variants_when_present" time="0.444" /><testcase classname="backend.tests.test_iteration20_image_variants.TestVariantURLFormat" name="test_variant_url_format_without_cdn_base" time="0.190" /><testcase classname="backend.tests.test_iteration20_image_variants.TestImageVariantGeneration" name="test_variant_service_module_exists" time="0.001" /><testcase classname="backend.tests.test_iteration20_image_variants.TestImageVariantGeneration" name="test_variant_files_exist_on_disk" time="0.036" /><testcase classname="backend.tests.test_iteration20_image_variants.TestMobileBgImportVariants" name="test_mobile_bg_import_endpoint_exists" time="0.295" /><testcase classname="backend.tests.test_iteration20_image_variants.TestViewportMeta" name="test_viewport_meta_allows_pinch_zoom" time="0.172" /><testcase classname="backend.tests.test_iteration20_image_variants.TestPictureComponentIntegration" name="test_picture_component_file_exists" time="0.043" /><testcase classname="backend.tests.test_iteration20_image_variants.TestPictureComponentIntegration" name="test_auction_card_uses_picture" time="0.001" /><testcase classname="backend.tests.test_iteration20_image_variants.TestPictureComponentIntegration" name="test_auction_detail_uses_picture" time="0.001" /><testcase classname="backend.tests.test_iteration20_image_variants.TestI18nTranslations" name="test_view_full_auction_translation_bg" time="0.002" /><testcase classname="backend.tests.test_iteration20_image_variants.TestI18nTranslations" name="test_view_full_auction_translation_en" time="0.001" /><testcase classname="backend.tests.test_iteration20_image_variants.TestI18nTranslations" name="test_view_full_auction_translation_ro" time="0.001" /><testcase classname="backend.tests.test_iteration20_image_variants.TestImageUploaderScrollLock" name="test_image_uploader_has_scroll_lock_code" time="0.001" /><testcase classname="backend.tests.test_iteration20_image_variants.TestNoScrollbarUtility" name="test_no_scrollbar_class_in_css" time="0.001" /><testcase classname="backend.tests.test_iteration20_image_variants.TestAuctionCardSwipeCarousel" name="test_auction_card_has_swipe_carousel" time="0.001" /><testcase classname="backend.tests.test_iteration20_image_variants.TestAuctionCardSwipeCarousel" name="test_auction_card_has_cta_slide" time="0.001" /><testcase classname="backend.tests.test_iteration20_image_variants.TestAuctionCardSwipeCarousel" name="test_auction_card_pagination_dots" time="0.001" /><testcase classname="backend.tests.test_iteration20_image_variants.TestLegacyAuctionFallback" name="test_legacy_auction_renders_without_error" time="0.233" /><testcase classname="backend.tests.test_iteration20_image_variants.TestExistingEndpointsRegression" name="test_me_preauths_endpoint" time="0.509" /><testcase classname="backend.tests.test_iteration20_image_variants.TestExistingEndpointsRegression" name="test_stripe_authorizations_expiring" time="0.493" /><testcase classname="backend.tests.test_iteration20_image_variants.TestExistingEndpointsRegression" name="test_auctions_featured_endpoint" time="0.208" /><testcase classname="backend.tests.test_iteration20_image_variants.TestExistingEndpointsRegression" name="test_auctions_sold_endpoint" time="0.206" /><testcase classname="backend.tests.test_iteration20_image_variants.TestExistingEndpointsRegression" name="test_auctions_facets_endpoint" time="0.215" /></testsuite></testsuites>