<?xml version="1.0" encoding="utf-8"?><testsuites name="pytest tests"><testsuite name="pytest" errors="0" failures="0" skipped="1" tests="30" time="12.381" timestamp="2026-04-20T21:24:17.021234+00:00" hostname="agent-env-abafb626-7695-4442-8af6-d0fd82558013"><testcase classname="backend.tests.test_phase2_lifecycle.TestMakesCMS" name="test_public_makes_list" time="0.268" /><testcase classname="backend.tests.test_phase2_lifecycle.TestMakesCMS" name="test_admin_makes_list" time="0.694" /><testcase classname="backend.tests.test_phase2_lifecycle.TestMakesCMS" name="test_moderator_can_view_makes" time="0.647" /><testcase classname="backend.tests.test_phase2_lifecycle.TestMakesCMS" name="test_admin_add_make" time="0.180" /><testcase classname="backend.tests.test_phase2_lifecycle.TestMakesCMS" name="test_moderator_cannot_add_make" time="0.184" /><testcase classname="backend.tests.test_phase2_lifecycle.TestMakesCMS" name="test_duplicate_make_returns_409" time="0.137" /><testcase classname="backend.tests.test_phase2_lifecycle.TestMakesCMS" name="test_delete_unused_make" time="0.154" /><testcase classname="backend.tests.test_phase2_lifecycle.TestMakesCMS" name="test_delete_used_make_blocked" time="0.328" /><testcase classname="backend.tests.test_phase2_lifecycle.TestAuctionCreateValidation" name="test_unknown_make_rejected" time="0.149" /><testcase classname="backend.tests.test_phase2_lifecycle.TestAuctionCreateValidation" name="test_vat_inclusive_requires_prices" time="0.151" /><testcase classname="backend.tests.test_phase2_lifecycle.TestAuctionCreateValidation" name="test_vat_gross_must_exceed_net" time="0.146" /><testcase classname="backend.tests.test_phase2_lifecycle.TestAuctionCreateValidation" name="test_no_reserve_clears_reserve_eur" time="0.312" /><testcase classname="backend.tests.test_phase2_lifecycle.TestAuctionLifecycle" name="test_pause_live_auction" time="0.167" /><testcase classname="backend.tests.test_phase2_lifecycle.TestAuctionLifecycle" name="test_pause_already_paused_fails" time="0.159" /><testcase classname="backend.tests.test_phase2_lifecycle.TestAuctionLifecycle" name="test_unpause_auction" time="0.151" /><testcase classname="backend.tests.test_phase2_lifecycle.TestAuctionLifecycle" name="test_unpause_not_paused_fails" time="0.157" /><testcase classname="backend.tests.test_phase2_lifecycle.TestAuctionLifecycle" name="test_toggle_featured" time="0.485" /><testcase classname="backend.tests.test_phase2_lifecycle.TestAuctionLifecycle" name="test_close_now_live_auction" time="1.316" /><testcase classname="backend.tests.test_phase2_lifecycle.TestAuctionLifecycle" name="test_cancel_auction_requires_reason" time="0.687" /><testcase classname="backend.tests.test_phase2_lifecycle.TestAuctionLifecycle" name="test_archive_auction" time="0.157" /><testcase classname="backend.tests.test_phase2_lifecycle.TestAuctionLifecycle" name="test_unarchive_auction" time="0.184" /><testcase classname="backend.tests.test_phase2_lifecycle.TestAuctionLifecycle" name="test_moderator_cannot_pause" time="0.132" /><testcase classname="backend.tests.test_phase2_lifecycle.TestAuctionLifecycle" name="test_moderator_cannot_cancel" time="0.132" /><testcase classname="backend.tests.test_phase2_lifecycle.TestDuplicateAuction" name="test_admin_can_duplicate_any_auction" time="0.176" /><testcase classname="backend.tests.test_phase2_lifecycle.TestDuplicateAuction" name="test_duplicated_auction_has_copy_suffix" time="0.158" /><testcase classname="backend.tests.test_phase2_lifecycle.TestDuplicateAuction" name="test_buyer_cannot_duplicate_others_auction" time="0.135"><skipped type="pytest.skip" message="Buyer login failed: 401">/app/backend/tests/test_phase2_lifecycle.py:531: Buyer login failed: 401</skipped></testcase><testcase classname="backend.tests.test_phase2_lifecycle.TestVisibilityFilters" name="test_public_excludes_archived" time="1.294" /><testcase classname="backend.tests.test_phase2_lifecycle.TestVisibilityFilters" name="test_public_excludes_non_public_statuses" time="1.474" /><testcase classname="backend.tests.test_phase2_lifecycle.TestVisibilityFilters" name="test_admin_sees_all_statuses" time="1.062" /><testcase classname="backend.tests.test_phase2_lifecycle.TestCleanup" name="test_cleanup_test_auctions" time="0.775" /></testsuite></testsuites>