<?xml version="1.0" encoding="utf-8"?><testsuites name="pytest tests"><testsuite name="pytest" errors="0" failures="0" skipped="0" tests="44" time="10.517" timestamp="2026-05-02T20:56:10.252156+00:00" hostname="agent-env-abafb626-7695-4442-8af6-d0fd82558013"><testcase classname="tests.test_iteration13_translate_import.TestTransliterateCityToLatin" name="test_sofia_cyrillic_to_latin" time="0.003" /><testcase classname="tests.test_iteration13_translate_import.TestTransliterateCityToLatin" name="test_veliko_tarnovo_cyrillic_to_latin" time="0.002" /><testcase classname="tests.test_iteration13_translate_import.TestTransliterateCityToLatin" name="test_plovdiv_cyrillic_to_latin" time="0.001" /><testcase classname="tests.test_iteration13_translate_import.TestTransliterateCityToLatin" name="test_varna_cyrillic_to_latin" time="0.001" /><testcase classname="tests.test_iteration13_translate_import.TestTransliterateCityToLatin" name="test_burgas_cyrillic_to_latin" time="0.001" /><testcase classname="tests.test_iteration13_translate_import.TestTransliterateCityToLatin" name="test_latin_input_unchanged" time="0.001" /><testcase classname="tests.test_iteration13_translate_import.TestTransliterateCityToLatin" name="test_empty_input" time="0.001" /><testcase classname="tests.test_iteration13_translate_import.TestTransliterateCityToLatin" name="test_hisarya_cyrillic_to_latin" time="0.001" /><testcase classname="tests.test_iteration13_translate_import.TestTransliterateCityToLatin" name="test_ruse_cyrillic_to_latin" time="0.001" /><testcase classname="tests.test_iteration13_translate_import.TestCountryFromHost" name="test_bg_domain" time="0.001" /><testcase classname="tests.test_iteration13_translate_import.TestCountryFromHost" name="test_ro_domain" time="0.001" /><testcase classname="tests.test_iteration13_translate_import.TestCountryFromHost" name="test_com_domain" time="0.001" /><testcase classname="tests.test_iteration13_translate_import.TestCountryFromHost" name="test_preview_domain" time="0.001" /><testcase classname="tests.test_iteration13_translate_import.TestCountryFromHost" name="test_empty_host" time="0.004" /><testcase classname="tests.test_iteration13_translate_import.TestCountryFromHost" name="test_host_with_port" time="0.001" /><testcase classname="tests.test_iteration13_translate_import.TestCountryFromHost" name="test_unknown_tld" time="0.001" /><testcase classname="tests.test_iteration13_translate_import.TestImageDedupLogic" name="test_canon_strips_big_folder" time="0.002" /><testcase classname="tests.test_iteration13_translate_import.TestImageDedupLogic" name="test_canon_strips_thumb_folder" time="0.001" /><testcase classname="tests.test_iteration13_translate_import.TestImageDedupLogic" name="test_canon_strips_size_suffix" time="0.001" /><testcase classname="tests.test_iteration13_translate_import.TestImageDedupLogic" name="test_canon_strips_numeric_prefix" time="0.001" /><testcase classname="tests.test_iteration13_translate_import.TestImageDedupLogic" name="test_score_big_highest" time="0.001" /><testcase classname="tests.test_iteration13_translate_import.TestImageDedupLogic" name="test_dedup_keeps_best_variant" time="0.001" /><testcase classname="tests.test_iteration13_translate_import.TestMobileBgImportEndpoint" name="test_import_returns_country_field" time="4.443" /><testcase classname="tests.test_iteration13_translate_import.TestMobileBgImportEndpoint" name="test_non_mobile_bg_url_returns_400" time="0.214" /><testcase classname="tests.test_iteration13_translate_import.TestMobileBgImportEndpoint" name="test_empty_url_returns_400" time="0.192" /><testcase classname="tests.test_iteration13_translate_import.TestMobileBgImportEndpoint" name="test_import_response_has_required_fields" time="1.444" /><testcase classname="tests.test_iteration13_translate_import.TestBgLocaleTranslations" name="test_bg_locale_s1_desc" time="0.002" /><testcase classname="tests.test_iteration13_translate_import.TestBgLocaleTranslations" name="test_bg_locale_s2_desc_no_technical_report" time="0.002" /><testcase classname="tests.test_iteration13_translate_import.TestBgLocaleTranslations" name="test_bg_locale_s3_desc_rephrased" time="0.002" /><testcase classname="tests.test_iteration13_translate_import.TestBgLocaleTranslations" name="test_bg_locale_s4_desc_ending" time="0.002" /><testcase classname="tests.test_iteration13_translate_import.TestBgLocaleTranslations" name="test_bg_locale_city_hint" time="0.002" /><testcase classname="tests.test_iteration13_translate_import.TestEnRoLocaleIntegrity" name="test_en_locale_has_landing_steps" time="0.002" /><testcase classname="tests.test_iteration13_translate_import.TestEnRoLocaleIntegrity" name="test_ro_locale_has_landing_steps" time="0.001" /><testcase classname="tests.test_iteration13_translate_import.TestEnRoLocaleIntegrity" name="test_en_locale_city_hint_updated" time="0.001" /><testcase classname="tests.test_iteration13_translate_import.TestEnRoLocaleIntegrity" name="test_ro_locale_city_hint_updated" time="0.002" /><testcase classname="tests.test_iteration13_translate_import.TestSellPageCityInput" name="test_city_input_no_pattern_attribute" time="0.001" /><testcase classname="tests.test_iteration13_translate_import.TestSellPageCityInput" name="test_city_input_no_latin_only_title" time="0.001" /><testcase classname="tests.test_iteration13_translate_import.TestSellPageCityInput" name="test_no_err_city_latin_validation" time="0.001" /><testcase classname="tests.test_iteration13_translate_import.TestSellPageCityInput" name="test_city_placeholder_shows_both_scripts" time="0.001" /><testcase classname="tests.test_iteration13_translate_import.TestRegressionEndpoints" name="test_healthz" time="0.242" /><testcase classname="tests.test_iteration13_translate_import.TestRegressionEndpoints" name="test_auctions_list" time="0.229" /><testcase classname="tests.test_iteration13_translate_import.TestRegressionEndpoints" name="test_auctions_featured" time="0.210" /><testcase classname="tests.test_iteration13_translate_import.TestRegressionEndpoints" name="test_auctions_sold" time="0.264" /><testcase classname="tests.test_iteration13_translate_import.TestRegressionEndpoints" name="test_makes_list" time="0.340" /></testsuite></testsuites>