<?xml version="1.0" encoding="utf-8"?><testsuites name="pytest tests"><testsuite name="pytest" errors="0" failures="0" skipped="0" tests="14" time="1.015" timestamp="2026-05-02T19:50:08.162932+00:00" hostname="agent-env-abafb626-7695-4442-8af6-d0fd82558013"><testcase classname="backend.tests.test_iteration11_caching.TestDBProjection" name="test_auctions_list_view_includes_required_fields" time="0.030" /><testcase classname="backend.tests.test_iteration11_caching.TestDBProjection" name="test_auctions_list_view_excludes_heavy_fields" time="0.022" /><testcase classname="backend.tests.test_iteration11_caching.TestAnonymousCacheControl" name="test_auctions_anonymous_has_cache_control" time="0.017" /><testcase classname="backend.tests.test_iteration11_caching.TestAnonymousCacheControl" name="test_auctions_authenticated_no_public_cache" time="0.238" /><testcase classname="backend.tests.test_iteration11_caching.TestFeaturedCacheControl" name="test_featured_view_list_cache_control" time="0.023" /><testcase classname="backend.tests.test_iteration11_caching.TestFeaturedCacheControl" name="test_featured_returns_trimmed_array" time="0.022" /><testcase classname="backend.tests.test_iteration11_caching.TestSoldCacheControl" name="test_sold_view_list_cache_control" time="0.018" /><testcase classname="backend.tests.test_iteration11_caching.TestSoldCacheControl" name="test_sold_returns_trimmed_array" time="0.019" /><testcase classname="backend.tests.test_iteration11_caching.TestStatusComputation" name="test_status_field_present_and_valid" time="0.026" /><testcase classname="backend.tests.test_iteration11_caching.TestStatusComputation" name="test_has_reserve_computed_correctly" time="0.020" /><testcase classname="backend.tests.test_iteration11_caching.TestStatusComputation" name="test_reserve_met_not_leaked_for_live_auctions" time="0.020" /><testcase classname="backend.tests.test_iteration11_caching.TestFilteringAndSearch" name="test_filtering_by_make" time="0.046" /><testcase classname="backend.tests.test_iteration11_caching.TestFilteringAndSearch" name="test_search_query" time="0.026" /><testcase classname="backend.tests.test_iteration11_caching.TestPaginationStructure" name="test_paginated_response_structure" time="0.021" /></testsuite></testsuites>