<?xml version="1.0" encoding="utf-8"?><testsuites name="pytest tests"><testsuite name="pytest" errors="0" failures="0" skipped="0" tests="16" time="17.342" timestamp="2026-05-02T21:13:06.948060+00:00" hostname="agent-env-abafb626-7695-4442-8af6-d0fd82558013"><testcase classname="backend.tests.test_iteration14_mobilebg_fix.TestMobileBgBMWM2Import" name="test_import_returns_exactly_17_images" time="6.711" /><testcase classname="backend.tests.test_iteration14_mobilebg_fix.TestMobileBgBMWM2Import" name="test_all_images_contain_big1_path" time="1.217" /><testcase classname="backend.tests.test_iteration14_mobilebg_fix.TestMobileBgBMWM2Import" name="test_no_images_from_related_listings" time="1.638" /><testcase classname="backend.tests.test_iteration14_mobilebg_fix.TestMobileBgBMWM2Import" name="test_all_images_from_correct_listing" time="1.357" /><testcase classname="backend.tests.test_iteration14_mobilebg_fix.TestMobileBgBMWM2Import" name="test_images_in_correct_order" time="1.462" /><testcase classname="backend.tests.test_iteration14_mobilebg_fix.TestMobileBgBMWM2Import" name="test_city_is_sofia" time="1.773" /><testcase classname="backend.tests.test_iteration14_mobilebg_fix.TestMobileBgBMWM2Import" name="test_country_is_bulgaria" time="1.498" /><testcase classname="backend.tests.test_iteration14_mobilebg_fix.TestFilenameBasedDedupRegression" name="test_canon_uses_filename_as_key" time="0.003" /><testcase classname="backend.tests.test_iteration14_mobilebg_fix.TestFilenameBasedDedupRegression" name="test_score_prefers_big1_over_plain" time="0.002" /><testcase classname="backend.tests.test_iteration14_mobilebg_fix.TestFilenameBasedDedupRegression" name="test_dedup_9_urls_to_5_unique" time="0.001" /><testcase classname="backend.tests.test_iteration14_mobilebg_fix.TestFilenameBasedDedupRegression" name="test_dedup_big1_big2_variants" time="0.001" /><testcase classname="backend.tests.test_iteration14_mobilebg_fix.TestUrlWithoutExtensionFallback" name="test_canon_fallback_for_no_extension" time="0.002" /><testcase classname="backend.tests.test_iteration14_mobilebg_fix.TestFocusBgHostAllowlist" name="test_focus_bg_urls_accepted" time="0.001" /><testcase classname="backend.tests.test_iteration14_mobilebg_fix.TestRegressionEndpoints" name="test_healthz" time="0.384" /><testcase classname="backend.tests.test_iteration14_mobilebg_fix.TestRegressionEndpoints" name="test_auctions_list" time="0.280" /><testcase classname="backend.tests.test_iteration14_mobilebg_fix.TestRegressionEndpoints" name="test_import_endpoint_exists" time="0.307" /></testsuite></testsuites>