<?xml version="1.0" encoding="utf-8"?><testsuites name="pytest tests"><testsuite name="pytest" errors="0" failures="0" skipped="0" tests="33" time="12.158" timestamp="2026-04-16T23:10:49.058429+00:00" hostname="agent-env-abafb626-7695-4442-8af6-d0fd82558013"><testcase classname="tests.test_admin_auctions.TestAuthRegression" name="test_login_admin_success" time="0.613" /><testcase classname="tests.test_admin_auctions.TestAuthRegression" name="test_login_invalid_credentials" time="0.472" /><testcase classname="tests.test_admin_auctions.TestAuthRegression" name="test_register_new_user" time="0.513" /><testcase classname="tests.test_admin_auctions.TestAdminGetAuction" name="test_admin_get_auction_success" time="0.808" /><testcase classname="tests.test_admin_auctions.TestAdminGetAuction" name="test_admin_get_auction_not_found" time="0.149" /><testcase classname="tests.test_admin_auctions.TestAdminGetAuction" name="test_non_admin_get_auction_forbidden" time="0.673" /><testcase classname="tests.test_admin_auctions.TestAdminGetAuction" name="test_unauthenticated_get_auction_forbidden" time="0.185" /><testcase classname="tests.test_admin_auctions.TestAdminUpdateAuction" name="test_admin_update_title" time="0.977" /><testcase classname="tests.test_admin_auctions.TestAdminUpdateAuction" name="test_admin_update_current_bid" time="0.850" /><testcase classname="tests.test_admin_auctions.TestAdminUpdateAuction" name="test_admin_update_ends_at" time="0.214" /><testcase classname="tests.test_admin_auctions.TestAdminUpdateAuction" name="test_admin_update_status_valid" time="0.705" /><testcase classname="tests.test_admin_auctions.TestAdminUpdateAuction" name="test_admin_update_status_invalid" time="0.159" /><testcase classname="tests.test_admin_auctions.TestAdminUpdateAuction" name="test_admin_update_all_fields" time="0.316" /><testcase classname="tests.test_admin_auctions.TestAdminUpdateAuction" name="test_non_admin_update_forbidden" time="0.188" /><testcase classname="tests.test_admin_auctions.TestAdminRemoveAuction" name="test_admin_remove_auction" time="0.571" /><testcase classname="tests.test_admin_auctions.TestAdminRemoveAuction" name="test_removed_auction_hidden_from_public" time="0.529" /><testcase classname="tests.test_admin_auctions.TestAdminRemoveAuction" name="test_non_admin_remove_forbidden" time="0.329" /><testcase classname="tests.test_admin_auctions.TestAdminRestoreAuction" name="test_admin_restore_auction" time="0.365" /><testcase classname="tests.test_admin_auctions.TestAdminRestoreAuction" name="test_non_admin_restore_forbidden" time="0.349" /><testcase classname="tests.test_admin_auctions.TestAdminListAllAuctions" name="test_admin_list_all" time="0.180" /><testcase classname="tests.test_admin_auctions.TestAdminListAllAuctions" name="test_admin_list_filter_by_status" time="0.188" /><testcase classname="tests.test_admin_auctions.TestAdminListAllAuctions" name="test_admin_list_search_query" time="0.160" /><testcase classname="tests.test_admin_auctions.TestAdminListAllAuctions" name="test_non_admin_list_forbidden" time="0.182" /><testcase classname="tests.test_admin_auctions.TestPublicAuctionsRegression" name="test_public_list_auctions" time="0.187" /><testcase classname="tests.test_admin_auctions.TestPublicAuctionsRegression" name="test_public_get_auction" time="0.339" /><testcase classname="tests.test_admin_auctions.TestPublicAuctionsRegression" name="test_public_facets" time="0.144" /><testcase classname="tests.test_admin_auctions.TestPublicAuctionsRegression" name="test_public_featured" time="0.165" /><testcase classname="tests.test_admin_auctions.TestPublicAuctionsRegression" name="test_public_sold" time="0.153" /><testcase classname="tests.test_admin_auctions.TestPublicAuctionsRegression" name="test_ended_auctions_publicly_accessible" time="0.190" /><testcase classname="tests.test_admin_auctions.TestExistingAdminEndpointsRegression" name="test_admin_pending" time="0.163" /><testcase classname="tests.test_admin_auctions.TestExistingAdminEndpointsRegression" name="test_admin_sold" time="0.180" /><testcase classname="tests.test_admin_auctions.TestBidsCommentsRegression" name="test_list_bids" time="0.317" /><testcase classname="tests.test_admin_auctions.TestBidsCommentsRegression" name="test_list_comments" time="0.381" /></testsuite></testsuites>