<?xml version="1.0" encoding="utf-8"?><testsuites name="pytest tests"><testsuite name="pytest" errors="0" failures="0" skipped="0" tests="21" time="10.591" timestamp="2026-05-16T21:43:10.931677+00:00" hostname="agent-env-abafb626-7695-4442-8af6-d0fd82558013"><testcase classname="backend.tests.test_iteration23_performance.TestImageQueueStats" name="test_image_queue_stats_requires_auth" time="1.603" /><testcase classname="backend.tests.test_iteration23_performance.TestImageQueueStats" name="test_image_queue_stats_returns_structure" time="0.749" /><testcase classname="backend.tests.test_iteration23_performance.TestCDNHealth" name="test_cdn_health_requires_auth" time="0.227" /><testcase classname="backend.tests.test_iteration23_performance.TestCDNHealth" name="test_cdn_health_returns_probe_results" time="1.314" /><testcase classname="backend.tests.test_iteration23_performance.TestImageUploadWithCSRF" name="test_image_upload_requires_auth" time="0.252" /><testcase classname="backend.tests.test_iteration23_performance.TestImageUploadWithCSRF" name="test_image_upload_with_auth_works" time="0.726" /><testcase classname="backend.tests.test_iteration23_performance.TestMobileBgImportPerformance" name="test_import_endpoint_exists" time="0.403" /><testcase classname="backend.tests.test_iteration23_performance.TestMobileBgImportPerformance" name="test_import_requires_valid_url" time="0.315" /><testcase classname="backend.tests.test_iteration23_performance.TestAuctionSubmitPerformance" name="test_auction_submit_requires_auth" time="0.249" /><testcase classname="backend.tests.test_iteration23_performance.TestAuctionSubmitPerformance" name="test_auction_submit_validates_images" time="0.840" /><testcase classname="backend.tests.test_iteration23_performance.TestHealthEndpoints" name="test_healthz_endpoint" time="0.203" /><testcase classname="backend.tests.test_iteration23_performance.TestHealthEndpoints" name="test_readyz_endpoint" time="0.227" /><testcase classname="backend.tests.test_iteration23_performance.TestAdminStorageHealth" name="test_storage_health_requires_auth" time="0.203" /><testcase classname="backend.tests.test_iteration23_performance.TestAdminStorageHealth" name="test_storage_health_returns_diagnostics" time="0.639" /><testcase classname="backend.tests.test_iteration23_performance.TestImageQueueRetry" name="test_retry_requires_admin" time="0.195" /><testcase classname="backend.tests.test_iteration23_performance.TestImageQueueRetry" name="test_retry_returns_404_for_nonexistent" time="0.661" /><testcase classname="backend.tests.test_iteration23_performance.TestAuctionListEndpoints" name="test_auctions_list_returns_data" time="0.221" /><testcase classname="backend.tests.test_iteration23_performance.TestAuctionListEndpoints" name="test_auctions_list_view_param" time="0.222" /><testcase classname="backend.tests.test_iteration23_performance.TestFeaturedEndpoint" name="test_featured_returns_data" time="0.304" /><testcase classname="backend.tests.test_iteration23_performance.TestFeaturedEndpoint" name="test_featured_view_list" time="0.264" /><testcase classname="backend.tests.test_iteration23_performance.TestSettingsEndpoint" name="test_settings_public_returns_data" time="0.233" /></testsuite></testsuites>