<?xml version="1.0" encoding="utf-8"?><testsuites name="pytest tests"><testsuite name="pytest" errors="0" failures="0" skipped="0" tests="19" time="2.992" timestamp="2026-05-05T15:14:04.754750+00:00" hostname="agent-env-abafb626-7695-4442-8af6-d0fd82558013"><testcase classname="tests.test_iteration17_stripe_lifecycle.TestHealthEndpoints" name="test_healthz" time="0.244" /><testcase classname="tests.test_iteration17_stripe_lifecycle.TestHealthEndpoints" name="test_readyz" time="0.077" /><testcase classname="tests.test_iteration17_stripe_lifecycle.TestStripeLifecycleAdminEndpoint" name="test_lifecycle_scan_requires_auth" time="0.243" /><testcase classname="tests.test_iteration17_stripe_lifecycle.TestStripeLifecycleAdminEndpoint" name="test_lifecycle_scan_requires_admin" time="0.431" /><testcase classname="tests.test_iteration17_stripe_lifecycle.TestStripeLifecycleAdminEndpoint" name="test_lifecycle_scan_admin_success" time="0.249" /><testcase classname="tests.test_iteration17_stripe_lifecycle.TestMyCreditsEndpoint" name="test_my_credits_requires_auth" time="0.255" /><testcase classname="tests.test_iteration17_stripe_lifecycle.TestMyCreditsEndpoint" name="test_my_credits_returns_structure" time="0.122" /><testcase classname="tests.test_iteration17_stripe_lifecycle.TestMyPreauthorizations" name="test_preauths_requires_auth" time="0.235" /><testcase classname="tests.test_iteration17_stripe_lifecycle.TestMyPreauthorizations" name="test_preauths_returns_list" time="0.087" /><testcase classname="tests.test_iteration17_stripe_lifecycle.TestBidStepCalculation" name="test_auctions_list" time="0.092" /><testcase classname="tests.test_iteration17_stripe_lifecycle.TestBidStepCalculation" name="test_next_bid_endpoint" time="0.158" /><testcase classname="tests.test_iteration17_stripe_lifecycle.TestBidSubmission" name="test_bid_requires_auth" time="0.266" /><testcase classname="tests.test_iteration17_stripe_lifecycle.TestStripeConfig" name="test_stripe_config" time="0.086" /><testcase classname="tests.test_iteration17_stripe_lifecycle.TestWebSocketEndpointRegistration" name="test_ws_endpoint_exists" time="0.167" /><testcase classname="tests.test_iteration17_stripe_lifecycle.TestStripeLifecycleModuleStructure" name="test_module_imports" time="0.010" /><testcase classname="tests.test_iteration17_stripe_lifecycle.TestBidUtilsCalculation" name="test_bid_step_formula" time="0.000" /><testcase classname="tests.test_iteration17_stripe_lifecycle.TestTranslationKeys" name="test_translation_keys_bg" time="0.001" /><testcase classname="tests.test_iteration17_stripe_lifecycle.TestTranslationKeys" name="test_translation_keys_en" time="0.001" /><testcase classname="tests.test_iteration17_stripe_lifecycle.TestTranslationKeys" name="test_translation_keys_ro" time="0.004" /></testsuite></testsuites>