<?xml version="1.0" encoding="utf-8"?><testsuites name="pytest tests"><testsuite name="pytest" errors="0" failures="0" skipped="0" tests="14" time="5.009" timestamp="2026-05-05T17:40:55.312852+00:00" hostname="agent-env-abafb626-7695-4442-8af6-d0fd82558013"><testcase classname="backend.tests.test_iteration19_og_image_refactor.TestOGShareRoute" name="test_share_auction_og_image_points_to_headline" time="0.353" /><testcase classname="backend.tests.test_iteration19_og_image_refactor.TestOGShareRoute" name="test_share_auction_twitter_image_points_to_headline" time="0.229" /><testcase classname="backend.tests.test_iteration19_og_image_refactor.TestOGShareRoute" name="test_share_auction_no_image_dimension_meta_tags" time="0.209" /><testcase classname="backend.tests.test_iteration19_og_image_refactor.TestOGShareRoute" name="test_share_auction_bad_id_returns_default_image" time="0.208" /><testcase classname="backend.tests.test_iteration19_og_image_refactor.TestOGAuctionImageRoute" name="test_og_png_route_redirects_to_headline" time="0.256" /><testcase classname="backend.tests.test_iteration19_og_image_refactor.TestOGAuctionImageRoute" name="test_og_png_route_404_for_nonexistent_auction" time="0.274" /><testcase classname="backend.tests.test_iteration19_og_image_refactor.TestOGAuctionImageRoute" name="test_og_png_route_follows_redirect" time="0.889" /><testcase classname="backend.tests.test_iteration19_og_image_refactor.TestAdminRegenerateOGImage" name="test_regenerate_og_image_endpoint_works" time="0.877" /><testcase classname="backend.tests.test_iteration19_og_image_refactor.TestAdminRegenerateOGImage" name="test_regenerate_og_image_requires_admin" time="0.205" /><testcase classname="backend.tests.test_iteration19_og_image_refactor.TestOGImageFallbacks" name="test_headline_image_url_fallback_chain" time="0.235" /><testcase classname="backend.tests.test_iteration19_og_image_refactor.TestNoAppCrash" name="test_healthz_endpoint" time="0.199" /><testcase classname="backend.tests.test_iteration19_og_image_refactor.TestNoAppCrash" name="test_readyz_endpoint" time="0.392" /><testcase classname="backend.tests.test_iteration19_og_image_refactor.TestNoAppCrash" name="test_auctions_endpoint" time="0.225" /><testcase classname="backend.tests.test_iteration19_og_image_refactor.TestOGImageServiceCode" name="test_build_and_persist_returns_headline_url" time="0.213" /></testsuite></testsuites>