<?xml version="1.0" encoding="utf-8"?><testsuites name="pytest tests"><testsuite name="pytest" errors="0" failures="1" skipped="2" tests="31" time="16.698" timestamp="2026-04-21T11:44:03.741797+00:00" hostname="agent-env-abafb626-7695-4442-8af6-d0fd82558013"><testcase classname="backend.tests.test_phase6_features.TestRegistrationWithTerms" name="test_register_without_terms_returns_400" time="0.538" /><testcase classname="backend.tests.test_phase6_features.TestRegistrationWithTerms" name="test_register_with_terms_succeeds" time="0.697" /><testcase classname="backend.tests.test_phase6_features.TestRegistrationWithTerms" name="test_register_captures_ip_ua_timestamp" time="2.139" /><testcase classname="backend.tests.test_phase6_features.TestHeroCMS" name="test_public_settings_returns_hero_keys" time="0.339" /><testcase classname="backend.tests.test_phase6_features.TestHeroCMS" name="test_admin_can_update_hero_settings" time="0.500" /><testcase classname="backend.tests.test_phase6_features.TestHeroCMS" name="test_hero_settings_persist_after_reload" time="1.026" /><testcase classname="backend.tests.test_phase6_features.TestAdminNotifications" name="test_get_notifications_requires_auth" time="0.468" /><testcase classname="backend.tests.test_phase6_features.TestAdminNotifications" name="test_admin_can_get_notifications" time="0.555" /><testcase classname="backend.tests.test_phase6_features.TestAdminNotifications" name="test_notifications_status_filter" time="0.786" /><testcase classname="backend.tests.test_phase6_features.TestAdminEmailTemplates" name="test_get_templates_requires_auth" time="0.233" /><testcase classname="backend.tests.test_phase6_features.TestAdminEmailTemplates" name="test_admin_can_get_templates" time="0.248" /><testcase classname="backend.tests.test_phase6_features.TestAdminEmailTemplates" name="test_admin_can_save_templates" time="0.451" /><testcase classname="backend.tests.test_phase6_features.TestAdminEmailTemplates" name="test_send_test_email_endpoint" time="0.500" /><testcase classname="backend.tests.test_phase6_features.TestTransactionsExport" name="test_csv_export_requires_auth" time="0.463" /><testcase classname="backend.tests.test_phase6_features.TestTransactionsExport" name="test_admin_can_export_csv" time="0.286" /><testcase classname="backend.tests.test_phase6_features.TestSellerRequestsEndpoints" name="test_admin_seller_requests_requires_auth" time="0.254" /><testcase classname="backend.tests.test_phase6_features.TestSellerRequestsEndpoints" name="test_admin_can_list_seller_requests" time="0.259" /><testcase classname="backend.tests.test_phase6_features.TestSellerRequestsEndpoints" name="test_seller_requests_status_filter" time="0.836" /><testcase classname="backend.tests.test_phase6_features.TestSellerRequestsEndpoints" name="test_seller_requests_type_filter" time="0.475" /><testcase classname="backend.tests.test_phase6_features.TestSellerRequestsEndpoints" name="test_my_seller_requests_requires_auth" time="0.159" /><testcase classname="backend.tests.test_phase6_features.TestSellerAuctionRequests" name="test_request_promotion_requires_auth" time="0.257" /><testcase classname="backend.tests.test_phase6_features.TestSellerAuctionRequests" name="test_request_text_change_requires_title_or_description" time="0.867"><skipped type="pytest.skip" message="Could not create test auction: {&quot;id&quot;:&quot;aac76a4a-8cb5-430e-be0f-de95528f7dc0&quot;,&quot;status&quot;:&quot;pending&quot;}">/app/backend/tests/test_phase6_features.py:369: Could not create test auction: {"id":"aac76a4a-8cb5-430e-be0f-de95528f7dc0","status":"pending"}</skipped></testcase><testcase classname="backend.tests.test_phase6_features.TestSellerAuctionRequests" name="test_reorder_images_rejects_invalid_list" time="0.686"><skipped type="pytest.skip" message="Could not create test auction: {&quot;id&quot;:&quot;73d35f6e-72c9-433f-bcc9-fd9ed8203a89&quot;,&quot;status&quot;:&quot;pending&quot;}">/app/backend/tests/test_phase6_features.py:378: Could not create test auction: {"id":"73d35f6e-72c9-433f-bcc9-fd9ed8203a89","status":"pending"}</skipped></testcase><testcase classname="backend.tests.test_phase6_features.TestI18nLocales" name="test_bg_json_is_valid" time="0.001" /><testcase classname="backend.tests.test_phase6_features.TestI18nLocales" name="test_ro_json_is_valid" time="0.002" /><testcase classname="backend.tests.test_phase6_features.TestI18nLocales" name="test_en_json_is_valid" time="0.001" /><testcase classname="backend.tests.test_phase6_features.TestRegressionBasics" name="test_health_check" time="0.183"><failure message="assert 404 == 200&#10; +  where 404 = &lt;Response [404]&gt;.status_code">backend/tests/test_phase6_features.py:425: in test_health_check
    assert response.status_code == 200
E   assert 404 == 200
E    +  where 404 = &lt;Response [404]&gt;.status_code</failure></testcase><testcase classname="backend.tests.test_phase6_features.TestRegressionBasics" name="test_public_auctions_list" time="1.419" /><testcase classname="backend.tests.test_phase6_features.TestRegressionBasics" name="test_public_settings" time="0.249" /><testcase classname="backend.tests.test_phase6_features.TestRegressionBasics" name="test_admin_login" time="0.629" /><testcase classname="backend.tests.test_phase6_features.TestRegressionBasics" name="test_moderator_login" time="0.532" /></testsuite></testsuites>