<?xml version="1.0" encoding="utf-8"?><testsuites name="pytest tests"><testsuite name="pytest" errors="0" failures="0" skipped="0" tests="18" time="7.593" timestamp="2026-04-19T00:17:02.121404+00:00" hostname="agent-env-abafb626-7695-4442-8af6-d0fd82558013"><testcase classname="backend.tests.test_reviews.TestReviewEndpoints" name="test_get_seller_reviews_returns_items_and_rating" time="0.253" /><testcase classname="backend.tests.test_reviews.TestReviewEndpoints" name="test_get_seller_rating_returns_aggregate" time="0.054" /><testcase classname="backend.tests.test_reviews.TestReviewEndpoints" name="test_profile_contains_rating_field" time="0.609" /><testcase classname="backend.tests.test_reviews.TestReviewEligibility" name="test_eligibility_not_buyer_returns_false" time="0.512" /><testcase classname="backend.tests.test_reviews.TestReviewEligibility" name="test_eligibility_auction_not_found" time="0.069" /><testcase classname="backend.tests.test_reviews.TestReviewEligibility" name="test_eligibility_seller_mismatch" time="0.065" /><testcase classname="backend.tests.test_reviews.TestReviewCreationValidation" name="test_seller_cannot_self_review" time="0.504" /><testcase classname="backend.tests.test_reviews.TestReviewCreationValidation" name="test_non_buyer_cannot_review" time="0.064" /><testcase classname="backend.tests.test_reviews.TestReviewCreationValidation" name="test_review_for_nonexistent_auction" time="0.066" /><testcase classname="backend.tests.test_reviews.TestReviewablePurchases" name="test_reviewable_requires_auth" time="0.057" /><testcase classname="backend.tests.test_reviews.TestReviewablePurchases" name="test_reviewable_returns_items_list" time="0.059" /><testcase classname="backend.tests.test_reviews.TestLiveAuctionReviewBlock" name="test_review_for_live_auction_blocked" time="0.968" /><testcase classname="backend.tests.test_reviews.TestRegressionAuth" name="test_login_works" time="0.336" /><testcase classname="backend.tests.test_reviews.TestRegressionAuth" name="test_me_endpoint_works" time="0.060" /><testcase classname="backend.tests.test_reviews.TestRegressionAuctions" name="test_auctions_list_works" time="0.922" /><testcase classname="backend.tests.test_reviews.TestRegressionAuctions" name="test_auction_detail_works" time="1.755" /><testcase classname="backend.tests.test_reviews.TestRegressionAuctions" name="test_sold_auction_detail_works" time="0.053" /><testcase classname="backend.tests.test_reviews.TestRegressionProfile" name="test_profile_endpoint_works" time="0.940" /></testsuite></testsuites>