<?xml version="1.0" encoding="utf-8"?><testsuites name="pytest tests"><testsuite name="pytest" errors="0" failures="0" skipped="1" tests="16" time="11.482" timestamp="2026-04-28T23:53:09.264069+00:00" hostname="agent-env-abafb626-7695-4442-8af6-d0fd82558013"><testcase classname="backend.tests.test_security_c3_csrf.TestCookieAuthSetup" name="test_login_sets_cookies" time="1.003" /><testcase classname="backend.tests.test_security_c3_csrf.TestCookieAuthSetup" name="test_register_sets_cookies" time="0.743" /><testcase classname="backend.tests.test_security_c3_csrf.TestCookieAuthAccess" name="test_auth_me_with_cookie_only" time="0.865" /><testcase classname="backend.tests.test_security_c3_csrf.TestCookieAuthAccess" name="test_auth_me_without_cookie_or_header_returns_401" time="0.230" /><testcase classname="backend.tests.test_security_c3_csrf.TestCSRFProtection" name="test_csrf_protected_post_without_header_returns_403" time="0.902" /><testcase classname="backend.tests.test_security_c3_csrf.TestCSRFProtection" name="test_csrf_protected_post_with_header_succeeds" time="0.763" /><testcase classname="backend.tests.test_security_c3_csrf.TestCSRFProtection" name="test_bearer_auth_bypasses_csrf" time="1.091" /><testcase classname="backend.tests.test_security_c3_csrf.TestCSRFProtection" name="test_webhook_exempt_from_csrf" time="0.180" /><testcase classname="backend.tests.test_security_c3_csrf.TestLogoutClearsCookies" name="test_logout_clears_cookies" time="0.762" /><testcase classname="backend.tests.test_security_c3_csrf.TestCSRFEndpoint" name="test_csrf_endpoint_returns_token" time="0.288" /><testcase classname="backend.tests.test_security_c3_csrf.TestEmailEnumerationPrevention" name="test_login_nonexistent_email_same_message" time="0.651" /><testcase classname="backend.tests.test_security_c3_csrf.TestEmailEnumerationPrevention" name="test_login_wrong_password_same_message" time="0.632" /><testcase classname="backend.tests.test_security_c3_csrf.TestEmailEnumerationPrevention" name="test_login_timing_attack_prevention" time="1.536" /><testcase classname="backend.tests.test_security_c3_csrf.TestEmailEnumerationPrevention" name="test_forgot_password_same_response_for_all" time="0.994" /><testcase classname="backend.tests.test_security_c3_csrf.TestBannedUserLogin" name="test_login_banned_user_returns_403" time="0.001"><skipped type="pytest.skip" message="Requires banned user in database">/app/backend/tests/test_security_c3_csrf.py:364: Requires banned user in database</skipped></testcase><testcase classname="backend.tests.test_security_c3_csrf.TestJSONLDAvailabilityRemoval" name="test_auction_detail_jsonld_no_availability" time="0.403" /></testsuite></testsuites>