<?xml version="1.0" encoding="utf-8"?><testsuites name="pytest tests"><testsuite name="pytest" errors="0" failures="0" skipped="0" tests="18" time="2.592" timestamp="2026-05-05T14:44:21.127295+00:00" hostname="agent-env-abafb626-7695-4442-8af6-d0fd82558013"><testcase classname="backend.tests.test_iteration16_active_bids.TestMePreauths" name="test_preauths_requires_auth" time="0.202" /><testcase classname="backend.tests.test_iteration16_active_bids.TestMePreauths" name="test_preauths_returns_list" time="0.297" /><testcase classname="backend.tests.test_iteration16_active_bids.TestMePreauths" name="test_preauths_response_shape" time="0.070" /><testcase classname="backend.tests.test_iteration16_active_bids.TestMePreauths" name="test_preauths_admin_user" time="0.274" /><testcase classname="backend.tests.test_iteration16_active_bids.TestMyCreditsOutbidBids" name="test_my_credits_requires_auth" time="0.164" /><testcase classname="backend.tests.test_iteration16_active_bids.TestMyCreditsOutbidBids" name="test_my_credits_returns_outbid_bids" time="0.097" /><testcase classname="backend.tests.test_iteration16_active_bids.TestMyCreditsOutbidBids" name="test_my_credits_outbid_bids_shape" time="0.078" /><testcase classname="backend.tests.test_iteration16_active_bids.TestMyCreditsOutbidBids" name="test_my_credits_commitments_shape" time="0.134" /><testcase classname="backend.tests.test_iteration16_active_bids.TestLeaderboardTranslations" name="test_leaderboard_reputation" time="0.085" /><testcase classname="backend.tests.test_iteration16_active_bids.TestLeaderboardTranslations" name="test_leaderboard_sellers" time="0.076" /><testcase classname="backend.tests.test_iteration16_active_bids.TestLeaderboardTranslations" name="test_leaderboard_commenters" time="0.075" /><testcase classname="backend.tests.test_iteration16_active_bids.TestLeaderboardTranslations" name="test_leaderboard_bidders" time="0.064" /><testcase classname="backend.tests.test_iteration16_active_bids.TestLeaderboardTranslations" name="test_leaderboard_period_month" time="0.081" /><testcase classname="backend.tests.test_iteration16_active_bids.TestLeaderboardTranslations" name="test_leaderboard_period_all" time="0.322" /><testcase classname="backend.tests.test_iteration16_active_bids.TestHealthAndBasicEndpoints" name="test_healthz" time="0.070" /><testcase classname="backend.tests.test_iteration16_active_bids.TestHealthAndBasicEndpoints" name="test_readyz" time="0.088" /><testcase classname="backend.tests.test_iteration16_active_bids.TestHealthAndBasicEndpoints" name="test_auctions_list" time="0.074" /><testcase classname="backend.tests.test_iteration16_active_bids.TestHealthAndBasicEndpoints" name="test_stripe_config" time="0.067" /></testsuite></testsuites>