<?xml version="1.0" encoding="utf-8"?><testsuites name="pytest tests"><testsuite name="pytest" errors="0" failures="0" skipped="0" tests="20" time="9.750" timestamp="2026-05-16T14:11:35.782814+00:00" hostname="agent-env-abafb626-7695-4442-8af6-d0fd82558013"><testcase classname="backend.tests.test_iteration22_image_upload.TestImageUploadEndpoint" name="test_upload_valid_jpeg" time="5.564" /><testcase classname="backend.tests.test_iteration22_image_upload.TestImageUploadEndpoint" name="test_upload_valid_png" time="0.180" /><testcase classname="backend.tests.test_iteration22_image_upload.TestImageUploadEndpoint" name="test_reject_text_file" time="0.225" /><testcase classname="backend.tests.test_iteration22_image_upload.TestImageUploadEndpoint" name="test_reject_pdf_file" time="0.244" /><testcase classname="backend.tests.test_iteration22_image_upload.TestImageUploadEndpoint" name="test_reject_oversized_file" time="0.441" /><testcase classname="backend.tests.test_iteration22_image_upload.TestImageUploadEndpoint" name="test_upload_requires_auth" time="0.191" /><testcase classname="backend.tests.test_iteration22_image_upload.TestImageStatusEndpoint" name="test_status_with_unknown_sha" time="0.069" /><testcase classname="backend.tests.test_iteration22_image_upload.TestImageStatusEndpoint" name="test_status_multiple_shas" time="0.073" /><testcase classname="backend.tests.test_iteration22_image_upload.TestImageStatusEndpoint" name="test_status_requires_auth" time="0.193" /><testcase classname="backend.tests.test_iteration22_image_upload.TestAdminImageQueue" name="test_image_queue_returns_stats" time="0.072" /><testcase classname="backend.tests.test_iteration22_image_upload.TestAdminImageQueue" name="test_image_queue_requires_admin" time="0.383" /><testcase classname="backend.tests.test_iteration22_image_upload.TestAdminImageQueueRetry" name="test_retry_nonexistent_image" time="0.063" /><testcase classname="backend.tests.test_iteration22_image_upload.TestAdminImageQueueRetry" name="test_retry_requires_admin" time="0.069" /><testcase classname="backend.tests.test_iteration22_image_upload.TestAdminCdnHealth" name="test_cdn_health_returns_probe_results" time="0.668" /><testcase classname="backend.tests.test_iteration22_image_upload.TestAdminCdnHealth" name="test_cdn_health_requires_admin" time="0.067" /><testcase classname="backend.tests.test_iteration22_image_upload.TestRegressionEndpoints" name="test_healthz" time="0.306" /><testcase classname="backend.tests.test_iteration22_image_upload.TestRegressionEndpoints" name="test_readyz" time="0.174" /><testcase classname="backend.tests.test_iteration22_image_upload.TestRegressionEndpoints" name="test_settings_endpoint" time="0.058" /><testcase classname="backend.tests.test_iteration22_image_upload.TestRegressionEndpoints" name="test_admin_health_endpoint" time="0.080" /><testcase classname="backend.tests.test_iteration22_image_upload.TestBackgroundVariantGeneration" name="test_upload_triggers_optimization" time="0.240" /></testsuite></testsuites>